{"total": {"lines":{"total":894,"covered":585,"skipped":0,"pct":65.43},"statements":{"total":933,"covered":607,"skipped":0,"pct":65.05},"functions":{"total":188,"covered":124,"skipped":0,"pct":65.95},"branches":{"total":475,"covered":254,"skipped":0,"pct":53.47},"branchesTrue":{"total":0,"covered":0,"skipped":0,"pct":"Unknown"}}
,"/Users/tebo1993/Desktop/EFTECH93/prisma-data-migration-client/src/batch.ts": {"lines":{"total":84,"covered":76,"skipped":0,"pct":90.47},"functions":{"total":12,"covered":12,"skipped":0,"pct":100},"statements":{"total":87,"covered":79,"skipped":0,"pct":90.8},"branches":{"total":58,"covered":38,"skipped":0,"pct":65.51}}
,"/Users/tebo1993/Desktop/EFTECH93/prisma-data-migration-client/src/config.ts": {"lines":{"total":35,"covered":30,"skipped":0,"pct":85.71},"functions":{"total":6,"covered":5,"skipped":0,"pct":83.33},"statements":{"total":36,"covered":30,"skipped":0,"pct":83.33},"branches":{"total":24,"covered":16,"skipped":0,"pct":66.66}}
,"/Users/tebo1993/Desktop/EFTECH93/prisma-data-migration-client/src/export.ts": {"lines":{"total":38,"covered":38,"skipped":0,"pct":100},"functions":{"total":10,"covered":9,"skipped":0,"pct":90},"statements":{"total":39,"covered":38,"skipped":0,"pct":97.43},"branches":{"total":12,"covered":12,"skipped":0,"pct":100}}
,"/Users/tebo1993/Desktop/EFTECH93/prisma-data-migration-client/src/extension.ts": {"lines":{"total":25,"covered":8,"skipped":0,"pct":32},"functions":{"total":9,"covered":2,"skipped":0,"pct":22.22},"statements":{"total":25,"covered":8,"skipped":0,"pct":32},"branches":{"total":2,"covered":0,"skipped":0,"pct":0}}
,"/Users/tebo1993/Desktop/EFTECH93/prisma-data-migration-client/src/generator.ts": {"lines":{"total":36,"covered":4,"skipped":0,"pct":11.11},"functions":{"total":5,"covered":0,"skipped":0,"pct":0},"statements":{"total":36,"covered":4,"skipped":0,"pct":11.11},"branches":{"total":14,"covered":0,"skipped":0,"pct":0}}
,"/Users/tebo1993/Desktop/EFTECH93/prisma-data-migration-client/src/hooks.ts": {"lines":{"total":33,"covered":19,"skipped":0,"pct":57.57},"functions":{"total":11,"covered":6,"skipped":0,"pct":54.54},"statements":{"total":34,"covered":19,"skipped":0,"pct":55.88},"branches":{"total":16,"covered":3,"skipped":0,"pct":18.75}}
,"/Users/tebo1993/Desktop/EFTECH93/prisma-data-migration-client/src/index.ts": {"lines":{"total":16,"covered":0,"skipped":0,"pct":0},"functions":{"total":4,"covered":0,"skipped":0,"pct":0},"statements":{"total":17,"covered":0,"skipped":0,"pct":0},"branches":{"total":0,"covered":0,"skipped":0,"pct":100}}
,"/Users/tebo1993/Desktop/EFTECH93/prisma-data-migration-client/src/lock.ts": {"lines":{"total":65,"covered":55,"skipped":0,"pct":84.61},"functions":{"total":17,"covered":16,"skipped":0,"pct":94.11},"statements":{"total":67,"covered":57,"skipped":0,"pct":85.07},"branches":{"total":18,"covered":12,"skipped":0,"pct":66.66}}
,"/Users/tebo1993/Desktop/EFTECH93/prisma-data-migration-client/src/logger.ts": {"lines":{"total":60,"covered":55,"skipped":0,"pct":91.66},"functions":{"total":34,"covered":29,"skipped":0,"pct":85.29},"statements":{"total":63,"covered":58,"skipped":0,"pct":92.06},"branches":{"total":32,"covered":28,"skipped":0,"pct":87.5}}
,"/Users/tebo1993/Desktop/EFTECH93/prisma-data-migration-client/src/migration-runner.ts": {"lines":{"total":196,"covered":146,"skipped":0,"pct":74.48},"functions":{"total":48,"covered":29,"skipped":0,"pct":60.41},"statements":{"total":207,"covered":155,"skipped":0,"pct":74.87},"branches":{"total":97,"covered":61,"skipped":0,"pct":62.88}}
,"/Users/tebo1993/Desktop/EFTECH93/prisma-data-migration-client/src/squash.ts": {"lines":{"total":149,"covered":123,"skipped":0,"pct":82.55},"functions":{"total":13,"covered":13,"skipped":0,"pct":100},"statements":{"total":159,"covered":128,"skipped":0,"pct":80.5},"branches":{"total":107,"covered":78,"skipped":0,"pct":72.89}}
,"/Users/tebo1993/Desktop/EFTECH93/prisma-data-migration-client/src/utils.ts": {"lines":{"total":69,"covered":12,"skipped":0,"pct":17.39},"functions":{"total":12,"covered":2,"skipped":0,"pct":16.66},"statements":{"total":71,"covered":12,"skipped":0,"pct":16.9},"branches":{"total":34,"covered":0,"skipped":0,"pct":0}}
,"/Users/tebo1993/Desktop/EFTECH93/prisma-data-migration-client/src/validation.ts": {"lines":{"total":88,"covered":19,"skipped":0,"pct":21.59},"functions":{"total":7,"covered":1,"skipped":0,"pct":14.28},"statements":{"total":92,"covered":19,"skipped":0,"pct":20.65},"branches":{"total":61,"covered":6,"skipped":0,"pct":9.83}}
}
